**********************
Windows PowerShell transcript start
Start time: 20251205221518
Username: CT\cteka
RunAs User: CT\cteka
Configuration Name: 
Machine: CT (Microsoft Windows NT 10.0.26200.0)
Host Application: C:\Windows\System32\WindowsPowerShell\v1.0\powershell.exe
Process ID: 20824
PSVersion: 5.1.26100.7309
PSEdition: Desktop
PSCompatibleVersions: 1.0, 2.0, 3.0, 4.0, 5.0, 5.1.26100.7309
BuildVersion: 10.0.26100.7309
CLRVersion: 4.0.30319.42000
WSManStackVersion: 3.0
PSRemotingProtocolVersion: 2.3
SerializationVersion: 1.1.0.1
**********************

-----------------------------------------------
[STEP 1] Backend daily routine (routes + health)
-----------------------------------------------
============================================================
MindLab daily routine (v3b) starting...
Project root : C:\Projects\MindLab_Starter_Project
============================================================

STEP 1 – Quick daily stack via run_quick_daily_stack.ps1
------------------------------------------------------------
=== MindLab quick daily stack (v3 – backend + frontend sanity) ===
[INFO] Project root : C:\Projects\MindLab_Starter_Project
[OK] Backend API server is reachable on port 8085.
[OK] Frontend dev server (Vite) is reachable on port 5177.
[STEP] HTTP endpoint sanity checks...
[OK] Backend /health (http://localhost:8085/health) -> HTTP 200
[OK] Backend /puzzles (http://localhost:8085/puzzles) -> HTTP 200
[OK] Backend /progress (http://localhost:8085/progress) -> HTTP 200
[OK] Backend /app (http://localhost:8085/app) -> HTTP 200
[RESULT] Quick daily stack complete.

STEP 2 – Optional route sanity check (health, /puzzles, /progress, /app, /app/daily)
------------------------------------------------------------
=== MindLab route sanity ===

[CHECK] Backend /health : http://localhost:8085/health
[OK] Backend /health (200)

[CHECK] Backend /puzzles : http://localhost:8085/puzzles
[OK] Backend /puzzles (200)

[CHECK] Backend /progress : http://localhost:8085/progress
[OK] Backend /progress (200)

[CHECK] Backend /app : http://localhost:8085/app
[OK] Backend /app (200)

[CHECK] Frontend dev /app (5177) : http://localhost:5177/app
PS>TerminatingError(Invoke-WebRequest): "The remote server returned an error: (404) Not Found."
[INFO] Optional route Frontend dev /app (5177) check failed (dev server may not be running): The remote server returned an error: (404) Not Found.

[RESULT] Route sanity checks complete.

================ DAILY ROUTINE SUMMARY ==================
Quick daily stack      exit code: 0
Route sanity checks    exit code: 0
=========================================================

[RESULT] MindLab daily routine : COMPLETED
[RESULT] You are clear to start new feature or development work.

-----------------------------------------------
[STEP 2] UI test suite (Daily + Progress)
-----------------------------------------------
============================
 MindLab UI suite (Phase 1)
============================

[INFO] Project root : C:\Projects\MindLab_Starter_Project
[INFO] Frontend dir : C:\Projects\MindLab_Starter_Project\frontend
[INFO] Tests dir     : C:\Projects\MindLab_Starter_Project\frontend\tests\e2e
[INFO] Daily spec path         : C:\Projects\MindLab_Starter_Project\frontend\tests\e2e\mindlab-daily-ui.spec.ts
[INFO] Optional spec path      : C:\Projects\MindLab_Starter_Project\frontend\tests\e2e\mindlab-daily-ui-optional.spec.ts

[STEP 1] Checking Playwright CLI...
[INFO] In frontend dir: C:\Projects\MindLab_Starter_Project\frontend
Version 1.57.0
[RESULT] Playwright CLI is available.

[STEP 2] Running REQUIRED daily UI spec...
[INFO] Command: npx playwright test tests/e2e/mindlab-daily-ui.spec.ts --trace=on

Running 3 tests using 1 worker

  ok 1 tests\e2e\mindlab-daily-ui.spec.ts:7:7 › MindLab Daily UI - basic gameplay › Daily challenge page loads and main heading is visible (800ms)
  -  2 tests\e2e\mindlab-daily-ui.spec.ts:15:7 › MindLab Daily UI - basic gameplay › User can open the first puzzle when a puzzles list is available
  -  3 tests\e2e\mindlab-daily-ui.spec.ts:38:7 › MindLab Daily UI - basic gameplay › User can submit an answer when a Submit button exists

  2 skipped
  1 passed (3.2s)
[RESULT] Daily UI spec PASSED.

[STEP 3] Running OPTIONAL daily UI spec...
[INFO] Command: npx playwright test tests/e2e/mindlab-daily-ui-optional.spec.ts --trace=on

Running 2 tests using 1 worker

  ok 1 tests\e2e\mindlab-daily-ui-optional.spec.ts:11:5 › Daily challenge page shows puzzles list (optional but recommended) (785ms)
[WARN] Optional check: no element with data-testid="puzzles-list" found on the Daily page.
  ok 2 tests\e2e\mindlab-daily-ui-optional.spec.ts:29:5 › Daily challenge page has a submit button (optional) (721ms)

  2 passed (2.4s)
[RESULT] Optional daily UI spec PASSED.

============= UI SUITE SUMMARY =============
Daily UI (required) exit code : 0
Daily UI (optional) exit code : 0
[OK] UI suite complete. REQUIRED checks are green.
============================================

[INFO] Stopping transcript...
**********************
Windows PowerShell transcript end
End time: 20251205221533
**********************
