**********************
Windows PowerShell transcript start
Start time: 20251126121642
Username: CT\cteka
RunAs User: CT\cteka
Configuration Name: 
Machine: CT (Microsoft Windows NT 10.0.26200.0)
Host Application: C:\Windows\System32\WindowsPowerShell\v1.0\powershell.exe
Process ID: 26984
PSVersion: 5.1.26100.7019
PSEdition: Desktop
PSCompatibleVersions: 1.0, 2.0, 3.0, 4.0, 5.0, 5.1.26100.7019
BuildVersion: 10.0.26100.7019
CLRVersion: 4.0.30319.42000
WSManStackVersion: 3.0
PSRemotingProtocolVersion: 2.3
SerializationVersion: 1.1.0.1
**********************

STEP 0 - Quick health checks
PS>TerminatingError(Invoke-WebRequest): "Unable to connect to the remote server"
LOCAL /health FAILED: Unable to connect to the remote server
PS>TerminatingError(Invoke-WebRequest): "The operation has timed out."
PROD /health FAILED: The operation has timed out.
Local backend is not healthy. Run mindlab_daily_start.ps1 and retry Phase 3.
**********************
Windows PowerShell transcript end
End time: 20251126121656
**********************
