=== Scan Start: 12/19/2025 19:35:46 ===
ServerFile: C:\Projects\MindLab_Starter_Project\backend\src\server.cjs
BackupRoot: C:\Projects\MindLab_Starter_Project\backups\manual_edits

TEST: C:\Projects\MindLab_Starter_Project\backups\manual_edits\PHASE_3_1_REPAIR_20251218_232035\server.cjs.BEFORE
RESULT: FAIL
ERROR: node:internal/modules/cjs/loader:1386
  throw err;
  ^

Error: Cannot find module './src/server.cjs'
Require stack:
- C:\Projects\MindLab_Starter_Project\[eval]
    at Function._resolveFilename (node:internal/modules/cjs/loader:1383:15)
    at defaultResolveImpl (node:internal/modules/cjs/loader:1025:19)
    at resolveForCJSWithHooks (node:internal/modules/cjs/loader:1030:22)
    at Function._load (node:internal/modules/cjs/loader:1192:37)
    at TracingChannel.traceSync (node:diagnostics_channel:322:14)
    at wrapModuleLoad (node:internal/modules/cjs/loader:237:24)
    at Module.require (node:internal/modules/cjs/loader:1463:12)
    at require (node:internal/modules/helpers:147:16)
    at [eval]:1:1
    at runScriptInThisContext (node:internal/vm:209:10) {
  code: 'MODULE_NOT_FOUND',
  requireStack: [ 'C:\\Projects\\MindLab_Starter_Project\\[eval]' ]
}

Node.js v22.20.0

TEST: C:\Projects\MindLab_Starter_Project\backups\manual_edits\PHASE_3_1_REPAIR2_20251219_190736\server.cjs.BEFORE
RESULT: FAIL
ERROR: node:internal/modules/cjs/loader:1386
  throw err;
  ^

Error: Cannot find module './src/server.cjs'
Require stack:
- C:\Projects\MindLab_Starter_Project\[eval]
    at Function._resolveFilename (node:internal/modules/cjs/loader:1383:15)
    at defaultResolveImpl (node:internal/modules/cjs/loader:1025:19)
    at resolveForCJSWithHooks (node:internal/modules/cjs/loader:1030:22)
    at Function._load (node:internal/modules/cjs/loader:1192:37)
    at TracingChannel.traceSync (node:diagnostics_channel:322:14)
    at wrapModuleLoad (node:internal/modules/cjs/loader:237:24)
    at Module.require (node:internal/modules/cjs/loader:1463:12)
    at require (node:internal/modules/helpers:147:16)
    at [eval]:1:1
    at runScriptInThisContext (node:internal/vm:209:10) {
  code: 'MODULE_NOT_FOUND',
  requireStack: [ 'C:\\Projects\\MindLab_Starter_Project\\[eval]' ]
}

Node.js v22.20.0

TEST: C:\Projects\MindLab_Starter_Project\backups\manual_edits\PHASE_3_1_REPAIR_20251218_230606\server.cjs.BEFORE
RESULT: FAIL
ERROR: node:internal/modules/cjs/loader:1386
  throw err;
  ^

Error: Cannot find module './src/server.cjs'
Require stack:
- C:\Projects\MindLab_Starter_Project\[eval]
    at Function._resolveFilename (node:internal/modules/cjs/loader:1383:15)
    at defaultResolveImpl (node:internal/modules/cjs/loader:1025:19)
    at resolveForCJSWithHooks (node:internal/modules/cjs/loader:1030:22)
    at Function._load (node:internal/modules/cjs/loader:1192:37)
    at TracingChannel.traceSync (node:diagnostics_channel:322:14)
    at wrapModuleLoad (node:internal/modules/cjs/loader:237:24)
    at Module.require (node:internal/modules/cjs/loader:1463:12)
    at require (node:internal/modules/helpers:147:16)
    at [eval]:1:1
    at runScriptInThisContext (node:internal/vm:209:10) {
  code: 'MODULE_NOT_FOUND',
  requireStack: [ 'C:\\Projects\\MindLab_Starter_Project\\[eval]' ]
}

Node.js v22.20.0

TEST: C:\Projects\MindLab_Starter_Project\backups\manual_edits\PHASE_3_1_HEALTH_20251218_210323\server.cjs.BEFORE
RESULT: FAIL
ERROR: node:internal/modules/cjs/loader:1386
  throw err;
  ^

Error: Cannot find module './src/server.cjs'
Require stack:
- C:\Projects\MindLab_Starter_Project\[eval]
    at Function._resolveFilename (node:internal/modules/cjs/loader:1383:15)
    at defaultResolveImpl (node:internal/modules/cjs/loader:1025:19)
    at resolveForCJSWithHooks (node:internal/modules/cjs/loader:1030:22)
    at Function._load (node:internal/modules/cjs/loader:1192:37)
    at TracingChannel.traceSync (node:diagnostics_channel:322:14)
    at wrapModuleLoad (node:internal/modules/cjs/loader:237:24)
    at Module.require (node:internal/modules/cjs/loader:1463:12)
    at require (node:internal/modules/helpers:147:16)
    at [eval]:1:1
    at runScriptInThisContext (node:internal/vm:209:10) {
  code: 'MODULE_NOT_FOUND',
  requireStack: [ 'C:\\Projects\\MindLab_Starter_Project\\[eval]' ]
}

Node.js v22.20.0

